[0.804s] Invoking command in '/home/andrisgerber/ros2_workspace/src/my_parking_robot': PS1=\[\e]0;\u@\h: \w\a\]\[\033[01;32m\]\u@\h\[\033[00m\]:\[\033[01;34m\]\w\[\033[33m\]$(parse_git_branch)\[\033[00m\] $ PYTHONPATH=/home/andrisgerber/ros2_workspace/build/my_parking_robot/prefix_override:/usr/lib/python3/dist-packages/colcon_core/task/python/colcon_distutils_commands:/home/andrisgerber/ros2_workspace/install/my_parking_robot/lib/python3.10/site-packages:${PYTHONPATH} /usr/bin/python3 -W ignore:setup.py install is deprecated -W ignore:easy_install command is deprecated setup.py egg_info --egg-base ../../build/my_parking_robot build --build-base /home/andrisgerber/ros2_workspace/build/my_parking_robot/build install --record /home/andrisgerber/ros2_workspace/build/my_parking_robot/install.log --single-version-externally-managed install_data
[1.100s] running egg_info
[1.101s] creating ../../build/my_parking_robot/my_parking_robot.egg-info
[1.101s] writing ../../build/my_parking_robot/my_parking_robot.egg-info/PKG-INFO
[1.101s] writing dependency_links to ../../build/my_parking_robot/my_parking_robot.egg-info/dependency_links.txt
[1.101s] writing entry points to ../../build/my_parking_robot/my_parking_robot.egg-info/entry_points.txt
[1.102s] writing requirements to ../../build/my_parking_robot/my_parking_robot.egg-info/requires.txt
[1.102s] writing top-level names to ../../build/my_parking_robot/my_parking_robot.egg-info/top_level.txt
[1.102s] writing manifest file '../../build/my_parking_robot/my_parking_robot.egg-info/SOURCES.txt'
[1.104s] reading manifest file '../../build/my_parking_robot/my_parking_robot.egg-info/SOURCES.txt'
[1.105s] writing manifest file '../../build/my_parking_robot/my_parking_robot.egg-info/SOURCES.txt'
[1.105s] running build
[1.105s] running build_py
[1.105s] creating /home/andrisgerber/ros2_workspace/build/my_parking_robot/build
[1.105s] creating /home/andrisgerber/ros2_workspace/build/my_parking_robot/build/lib
[1.105s] creating /home/andrisgerber/ros2_workspace/build/my_parking_robot/build/lib/my_parking_robot
[1.105s] copying my_parking_robot/__init__.py -> /home/andrisgerber/ros2_workspace/build/my_parking_robot/build/lib/my_parking_robot
[1.106s] copying my_parking_robot/my_parking_robot.py -> /home/andrisgerber/ros2_workspace/build/my_parking_robot/build/lib/my_parking_robot
[1.106s] running install
[1.106s] running install_lib
[1.107s] creating /home/andrisgerber/ros2_workspace/install/my_parking_robot/lib/python3.10/site-packages/my_parking_robot
[1.107s] copying /home/andrisgerber/ros2_workspace/build/my_parking_robot/build/lib/my_parking_robot/__init__.py -> /home/andrisgerber/ros2_workspace/install/my_parking_robot/lib/python3.10/site-packages/my_parking_robot
[1.107s] copying /home/andrisgerber/ros2_workspace/build/my_parking_robot/build/lib/my_parking_robot/my_parking_robot.py -> /home/andrisgerber/ros2_workspace/install/my_parking_robot/lib/python3.10/site-packages/my_parking_robot
[1.108s] byte-compiling /home/andrisgerber/ros2_workspace/install/my_parking_robot/lib/python3.10/site-packages/my_parking_robot/__init__.py to __init__.cpython-310.pyc
[1.108s] byte-compiling /home/andrisgerber/ros2_workspace/install/my_parking_robot/lib/python3.10/site-packages/my_parking_robot/my_parking_robot.py to my_parking_robot.cpython-310.pyc
[1.108s] running install_data
[1.108s] creating /home/andrisgerber/ros2_workspace/install/my_parking_robot/share/ament_index
[1.108s] creating /home/andrisgerber/ros2_workspace/install/my_parking_robot/share/ament_index/resource_index
[1.109s] creating /home/andrisgerber/ros2_workspace/install/my_parking_robot/share/ament_index/resource_index/packages
[1.109s] copying resource/my_parking_robot -> /home/andrisgerber/ros2_workspace/install/my_parking_robot/share/ament_index/resource_index/packages
[1.109s] copying package.xml -> /home/andrisgerber/ros2_workspace/install/my_parking_robot/share/my_parking_robot
[1.109s] creating /home/andrisgerber/ros2_workspace/install/my_parking_robot/share/my_parking_robot/launch
[1.109s] copying launch/my_parking_robot.launch.xml -> /home/andrisgerber/ros2_workspace/install/my_parking_robot/share/my_parking_robot/launch
[1.109s] creating /home/andrisgerber/ros2_workspace/install/my_parking_robot/share/my_parking_robot/rviz
[1.109s] copying rviz/my_parking_robot.rviz -> /home/andrisgerber/ros2_workspace/install/my_parking_robot/share/my_parking_robot/rviz
[1.109s] running install_egg_info
[1.111s] Copying ../../build/my_parking_robot/my_parking_robot.egg-info to /home/andrisgerber/ros2_workspace/install/my_parking_robot/lib/python3.10/site-packages/my_parking_robot-0.0.0-py3.10.egg-info
[1.112s] running install_scripts
[1.135s] Installing my_parking_robot script to /home/andrisgerber/ros2_workspace/install/my_parking_robot/lib/my_parking_robot
[1.135s] writing list of installed files to '/home/andrisgerber/ros2_workspace/build/my_parking_robot/install.log'
[1.169s] Invoked command in '/home/andrisgerber/ros2_workspace/src/my_parking_robot' returned '0': PS1=\[\e]0;\u@\h: \w\a\]\[\033[01;32m\]\u@\h\[\033[00m\]:\[\033[01;34m\]\w\[\033[33m\]$(parse_git_branch)\[\033[00m\] $ PYTHONPATH=/home/andrisgerber/ros2_workspace/build/my_parking_robot/prefix_override:/usr/lib/python3/dist-packages/colcon_core/task/python/colcon_distutils_commands:/home/andrisgerber/ros2_workspace/install/my_parking_robot/lib/python3.10/site-packages:${PYTHONPATH} /usr/bin/python3 -W ignore:setup.py install is deprecated -W ignore:easy_install command is deprecated setup.py egg_info --egg-base ../../build/my_parking_robot build --build-base /home/andrisgerber/ros2_workspace/build/my_parking_robot/build install --record /home/andrisgerber/ros2_workspace/build/my_parking_robot/install.log --single-version-externally-managed install_data
