running egg_info
writing ../../build/my_parking_robot/my_parking_robot.egg-info/PKG-INFO
writing dependency_links to ../../build/my_parking_robot/my_parking_robot.egg-info/dependency_links.txt
writing entry points to ../../build/my_parking_robot/my_parking_robot.egg-info/entry_points.txt
writing requirements to ../../build/my_parking_robot/my_parking_robot.egg-info/requires.txt
writing top-level names to ../../build/my_parking_robot/my_parking_robot.egg-info/top_level.txt
reading manifest file '../../build/my_parking_robot/my_parking_robot.egg-info/SOURCES.txt'
writing manifest file '../../build/my_parking_robot/my_parking_robot.egg-info/SOURCES.txt'
running build
running build_py
copying my_parking_robot/my_first_node.py -> /home/andrisgerber/ros2_ws/build/my_parking_robot/build/lib/my_parking_robot
running install
running install_lib
copying /home/andrisgerber/ros2_ws/build/my_parking_robot/build/lib/my_parking_robot/my_first_node.py -> /home/andrisgerber/ros2_ws/install/my_parking_robot/lib/python3.10/site-packages/my_parking_robot
byte-compiling /home/andrisgerber/ros2_ws/install/my_parking_robot/lib/python3.10/site-packages/my_parking_robot/my_first_node.py to my_first_node.cpython-310.pyc
running install_data
running install_egg_info
removing '/home/andrisgerber/ros2_ws/install/my_parking_robot/lib/python3.10/site-packages/my_parking_robot-0.0.0-py3.10.egg-info' (and everything under it)
Copying ../../build/my_parking_robot/my_parking_robot.egg-info to /home/andrisgerber/ros2_ws/install/my_parking_robot/lib/python3.10/site-packages/my_parking_robot-0.0.0-py3.10.egg-info
running install_scripts
Installing test_node script to /home/andrisgerber/ros2_ws/install/my_parking_robot/lib/my_parking_robot
writing list of installed files to '/home/andrisgerber/ros2_ws/build/my_parking_robot/install.log'
