[0.846s] Invoking command in '/home/andrisgerber/ros2_ws/src/my_parking_robot': PS1=\[\e]0;\u@\h: \w\a\]\[\033[01;32m\]\u@\h\[\033[00m\]:\[\033[01;34m\]\w\[\033[33m\]$(parse_git_branch)\[\033[00m\] $ PYTHONPATH=/home/andrisgerber/ros2_ws/build/my_parking_robot/prefix_override:/usr/lib/python3/dist-packages/colcon_core/task/python/colcon_distutils_commands:/home/andrisgerber/ros2_ws/install/my_parking_robot/lib/python3.10/site-packages:${PYTHONPATH} /usr/bin/python3 -W ignore:setup.py install is deprecated -W ignore:easy_install command is deprecated setup.py egg_info --egg-base ../../build/my_parking_robot build --build-base /home/andrisgerber/ros2_ws/build/my_parking_robot/build install --record /home/andrisgerber/ros2_ws/build/my_parking_robot/install.log --single-version-externally-managed install_data
[1.170s] running egg_info
[1.171s] writing ../../build/my_parking_robot/my_parking_robot.egg-info/PKG-INFO
[1.171s] writing dependency_links to ../../build/my_parking_robot/my_parking_robot.egg-info/dependency_links.txt
[1.171s] writing entry points to ../../build/my_parking_robot/my_parking_robot.egg-info/entry_points.txt
[1.172s] writing requirements to ../../build/my_parking_robot/my_parking_robot.egg-info/requires.txt
[1.172s] writing top-level names to ../../build/my_parking_robot/my_parking_robot.egg-info/top_level.txt
[1.174s] reading manifest file '../../build/my_parking_robot/my_parking_robot.egg-info/SOURCES.txt'
[1.175s] writing manifest file '../../build/my_parking_robot/my_parking_robot.egg-info/SOURCES.txt'
[1.176s] running build
[1.176s] running build_py
[1.176s] copying my_parking_robot/my_first_node.py -> /home/andrisgerber/ros2_ws/build/my_parking_robot/build/lib/my_parking_robot
[1.176s] running install
[1.176s] running install_lib
[1.177s] copying /home/andrisgerber/ros2_ws/build/my_parking_robot/build/lib/my_parking_robot/my_first_node.py -> /home/andrisgerber/ros2_ws/install/my_parking_robot/lib/python3.10/site-packages/my_parking_robot
[1.178s] byte-compiling /home/andrisgerber/ros2_ws/install/my_parking_robot/lib/python3.10/site-packages/my_parking_robot/my_first_node.py to my_first_node.cpython-310.pyc
[1.179s] running install_data
[1.179s] running install_egg_info
[1.181s] removing '/home/andrisgerber/ros2_ws/install/my_parking_robot/lib/python3.10/site-packages/my_parking_robot-0.0.0-py3.10.egg-info' (and everything under it)
[1.181s] Copying ../../build/my_parking_robot/my_parking_robot.egg-info to /home/andrisgerber/ros2_ws/install/my_parking_robot/lib/python3.10/site-packages/my_parking_robot-0.0.0-py3.10.egg-info
[1.182s] running install_scripts
[1.209s] Installing test_node script to /home/andrisgerber/ros2_ws/install/my_parking_robot/lib/my_parking_robot
[1.210s] writing list of installed files to '/home/andrisgerber/ros2_ws/build/my_parking_robot/install.log'
[1.243s] Invoked command in '/home/andrisgerber/ros2_ws/src/my_parking_robot' returned '0': PS1=\[\e]0;\u@\h: \w\a\]\[\033[01;32m\]\u@\h\[\033[00m\]:\[\033[01;34m\]\w\[\033[33m\]$(parse_git_branch)\[\033[00m\] $ PYTHONPATH=/home/andrisgerber/ros2_ws/build/my_parking_robot/prefix_override:/usr/lib/python3/dist-packages/colcon_core/task/python/colcon_distutils_commands:/home/andrisgerber/ros2_ws/install/my_parking_robot/lib/python3.10/site-packages:${PYTHONPATH} /usr/bin/python3 -W ignore:setup.py install is deprecated -W ignore:easy_install command is deprecated setup.py egg_info --egg-base ../../build/my_parking_robot build --build-base /home/andrisgerber/ros2_ws/build/my_parking_robot/build install --record /home/andrisgerber/ros2_ws/build/my_parking_robot/install.log --single-version-externally-managed install_data
