[0.768s] Invoking command in '/home/andrisgerber/ros2_workspace/src/my_parking_robot': PS1=\[\e]0;\u@\h: \w\a\]\[\033[01;32m\]\u@\h\[\033[00m\]:\[\033[01;34m\]\w\[\033[33m\]$(parse_git_branch)\[\033[00m\] $ PYTHONPATH=/home/andrisgerber/ros2_workspace/src/build/my_parking_robot/prefix_override:/usr/lib/python3/dist-packages/colcon_core/task/python/colcon_distutils_commands:/home/andrisgerber/ros2_workspace/src/install/my_parking_robot/lib/python3.10/site-packages:${PYTHONPATH} /usr/bin/python3 -W ignore:setup.py install is deprecated -W ignore:easy_install command is deprecated setup.py egg_info --egg-base ../build/my_parking_robot build --build-base /home/andrisgerber/ros2_workspace/src/build/my_parking_robot/build install --record /home/andrisgerber/ros2_workspace/src/build/my_parking_robot/install.log --single-version-externally-managed install_data
[1.048s] running egg_info
[1.048s] creating ../build/my_parking_robot/my_parking_robot.egg-info
[1.049s] writing ../build/my_parking_robot/my_parking_robot.egg-info/PKG-INFO
[1.049s] writing dependency_links to ../build/my_parking_robot/my_parking_robot.egg-info/dependency_links.txt
[1.049s] writing entry points to ../build/my_parking_robot/my_parking_robot.egg-info/entry_points.txt
[1.049s] writing requirements to ../build/my_parking_robot/my_parking_robot.egg-info/requires.txt
[1.049s] writing top-level names to ../build/my_parking_robot/my_parking_robot.egg-info/top_level.txt
[1.050s] writing manifest file '../build/my_parking_robot/my_parking_robot.egg-info/SOURCES.txt'
[1.051s] reading manifest file '../build/my_parking_robot/my_parking_robot.egg-info/SOURCES.txt'
[1.052s] writing manifest file '../build/my_parking_robot/my_parking_robot.egg-info/SOURCES.txt'
[1.053s] running build
[1.053s] running build_py
[1.053s] running install
[1.053s] running install_lib
[1.055s] running install_data
[1.055s] creating /home/andrisgerber/ros2_workspace/src/install/my_parking_robot/share/my_parking_robot/launch
[1.055s] copying launch/my_parking_robot.launch.xml -> /home/andrisgerber/ros2_workspace/src/install/my_parking_robot/share/my_parking_robot/launch
[1.055s] error: can't copy 'launch/my_parking_robot.launch.py': doesn't exist or not a regular file
[1.073s] Invoked command in '/home/andrisgerber/ros2_workspace/src/my_parking_robot' returned '1': PS1=\[\e]0;\u@\h: \w\a\]\[\033[01;32m\]\u@\h\[\033[00m\]:\[\033[01;34m\]\w\[\033[33m\]$(parse_git_branch)\[\033[00m\] $ PYTHONPATH=/home/andrisgerber/ros2_workspace/src/build/my_parking_robot/prefix_override:/usr/lib/python3/dist-packages/colcon_core/task/python/colcon_distutils_commands:/home/andrisgerber/ros2_workspace/src/install/my_parking_robot/lib/python3.10/site-packages:${PYTHONPATH} /usr/bin/python3 -W ignore:setup.py install is deprecated -W ignore:easy_install command is deprecated setup.py egg_info --egg-base ../build/my_parking_robot build --build-base /home/andrisgerber/ros2_workspace/src/build/my_parking_robot/build install --record /home/andrisgerber/ros2_workspace/src/build/my_parking_robot/install.log --single-version-externally-managed install_data
