[0.144s] DEBUG:colcon:Command line arguments: ['/usr/bin/colcon', 'build', '--symlink-install']
[0.144s] DEBUG:colcon:Parsed command line arguments: Namespace(log_base=None, log_level=None, verb_name='build', build_base='build', install_base='install', merge_install=False, symlink_install=True, test_result_base=None, continue_on_error=False, executor='parallel', parallel_workers=8, event_handlers=None, ignore_user_meta=False, metas=['./colcon.meta'], base_paths=['.'], packages_ignore=None, packages_ignore_regex=None, paths=None, packages_up_to=None, packages_up_to_regex=None, packages_above=None, packages_above_and_dependencies=None, packages_above_depth=None, packages_select_by_dep=None, packages_skip_by_dep=None, packages_skip_up_to=None, packages_select_build_failed=False, packages_skip_build_finished=False, packages_select_test_failures=False, packages_skip_test_passed=False, packages_select=None, packages_skip=None, packages_select_regex=None, packages_skip_regex=None, packages_start=None, packages_end=None, cmake_args=None, cmake_target=None, cmake_target_skip_unavailable=False, cmake_clean_cache=False, cmake_clean_first=False, cmake_force_configure=False, ament_cmake_args=None, catkin_cmake_args=None, catkin_skip_building_tests=False, mixin_files=None, mixin=None, verb_parser=<colcon_mixin.mixin.mixin_argument.MixinArgumentDecorator object at 0x7a0d3503a680>, verb_extension=<colcon_core.verb.build.BuildVerb object at 0x7a0d35039ff0>, main=<bound method BuildVerb.main of <colcon_core.verb.build.BuildVerb object at 0x7a0d35039ff0>>, mixin_verb=('build',))
[5.127s] Level 1:colcon.colcon_core.package_discovery:discover_packages(colcon_meta) check parameters
[5.127s] Level 1:colcon.colcon_core.package_discovery:discover_packages(recursive) check parameters
[5.127s] Level 1:colcon.colcon_core.package_discovery:discover_packages(ignore) check parameters
[5.127s] Level 1:colcon.colcon_core.package_discovery:discover_packages(path) check parameters
[5.127s] Level 1:colcon.colcon_core.package_discovery:discover_packages(colcon_meta) discover
[5.127s] Level 1:colcon.colcon_core.package_discovery:discover_packages(recursive) discover
[5.128s] INFO:colcon.colcon_core.package_discovery:Crawling recursively for packages in '/home/andrisgerber/ros2_ws'
[5.128s] Level 1:colcon.colcon_core.package_identification:_identify(.) by extensions ['ignore', 'ignore_ament_install']
[5.128s] Level 1:colcon.colcon_core.package_identification:_identify(.) by extension 'ignore'
[5.128s] Level 1:colcon.colcon_core.package_identification:_identify(.) by extension 'ignore_ament_install'
[5.128s] Level 1:colcon.colcon_core.package_identification:_identify(.) by extensions ['colcon_pkg']
[5.128s] Level 1:colcon.colcon_core.package_identification:_identify(.) by extension 'colcon_pkg'
[5.128s] Level 1:colcon.colcon_core.package_identification:_identify(.) by extensions ['colcon_meta']
[5.128s] Level 1:colcon.colcon_core.package_identification:_identify(.) by extension 'colcon_meta'
[5.128s] Level 1:colcon.colcon_core.package_identification:_identify(.) by extensions ['ros']
[5.128s] Level 1:colcon.colcon_core.package_identification:_identify(.) by extension 'ros'
[5.154s] Level 1:colcon.colcon_core.package_identification:_identify(.) by extensions ['cmake', 'python']
[5.154s] Level 1:colcon.colcon_core.package_identification:_identify(.) by extension 'cmake'
[5.154s] Level 1:colcon.colcon_core.package_identification:_identify(.) by extension 'python'
[5.154s] Level 1:colcon.colcon_core.package_identification:_identify(.) by extensions ['python_setup_py']
[5.154s] Level 1:colcon.colcon_core.package_identification:_identify(.) by extension 'python_setup_py'
[5.154s] Level 1:colcon.colcon_core.package_identification:_identify(build) by extensions ['ignore', 'ignore_ament_install']
[5.154s] Level 1:colcon.colcon_core.package_identification:_identify(build) by extension 'ignore'
[5.154s] Level 1:colcon.colcon_core.package_identification:_identify(build) ignored
[5.155s] Level 1:colcon.colcon_core.package_identification:_identify(install) by extensions ['ignore', 'ignore_ament_install']
[5.155s] Level 1:colcon.colcon_core.package_identification:_identify(install) by extension 'ignore'
[5.155s] Level 1:colcon.colcon_core.package_identification:_identify(install) ignored
[5.155s] Level 1:colcon.colcon_core.package_identification:_identify(log) by extensions ['ignore', 'ignore_ament_install']
[5.155s] Level 1:colcon.colcon_core.package_identification:_identify(log) by extension 'ignore'
[5.155s] Level 1:colcon.colcon_core.package_identification:_identify(log) ignored
[5.155s] Level 1:colcon.colcon_core.package_identification:_identify(src) by extensions ['ignore', 'ignore_ament_install']
[5.155s] Level 1:colcon.colcon_core.package_identification:_identify(src) by extension 'ignore'
[5.155s] Level 1:colcon.colcon_core.package_identification:_identify(src) by extension 'ignore_ament_install'
[5.155s] Level 1:colcon.colcon_core.package_identification:_identify(src) by extensions ['colcon_pkg']
[5.155s] Level 1:colcon.colcon_core.package_identification:_identify(src) by extension 'colcon_pkg'
[5.155s] Level 1:colcon.colcon_core.package_identification:_identify(src) by extensions ['colcon_meta']
[5.155s] Level 1:colcon.colcon_core.package_identification:_identify(src) by extension 'colcon_meta'
[5.155s] Level 1:colcon.colcon_core.package_identification:_identify(src) by extensions ['ros']
[5.155s] Level 1:colcon.colcon_core.package_identification:_identify(src) by extension 'ros'
[5.156s] Level 1:colcon.colcon_core.package_identification:_identify(src) by extensions ['cmake', 'python']
[5.156s] Level 1:colcon.colcon_core.package_identification:_identify(src) by extension 'cmake'
[5.156s] Level 1:colcon.colcon_core.package_identification:_identify(src) by extension 'python'
[5.156s] Level 1:colcon.colcon_core.package_identification:_identify(src) by extensions ['python_setup_py']
[5.156s] Level 1:colcon.colcon_core.package_identification:_identify(src) by extension 'python_setup_py'
[5.156s] Level 1:colcon.colcon_core.package_identification:_identify(src/my_parking_robot) by extensions ['ignore', 'ignore_ament_install']
[5.156s] Level 1:colcon.colcon_core.package_identification:_identify(src/my_parking_robot) by extension 'ignore'
[5.156s] Level 1:colcon.colcon_core.package_identification:_identify(src/my_parking_robot) by extension 'ignore_ament_install'
[5.156s] Level 1:colcon.colcon_core.package_identification:_identify(src/my_parking_robot) by extensions ['colcon_pkg']
[5.156s] Level 1:colcon.colcon_core.package_identification:_identify(src/my_parking_robot) by extension 'colcon_pkg'
[5.156s] Level 1:colcon.colcon_core.package_identification:_identify(src/my_parking_robot) by extensions ['colcon_meta']
[5.156s] Level 1:colcon.colcon_core.package_identification:_identify(src/my_parking_robot) by extension 'colcon_meta'
[5.156s] Level 1:colcon.colcon_core.package_identification:_identify(src/my_parking_robot) by extensions ['ros']
[5.156s] Level 1:colcon.colcon_core.package_identification:_identify(src/my_parking_robot) by extension 'ros'
[5.178s] DEBUG:colcon.colcon_core.package_identification:Package 'src/my_parking_robot' with type 'ros.ament_python' and name 'my_parking_robot'
[5.178s] Level 1:colcon.colcon_core.package_discovery:discover_packages(recursive) using defaults
[5.179s] Level 1:colcon.colcon_core.package_discovery:discover_packages(ignore) discover
[5.179s] Level 1:colcon.colcon_core.package_discovery:discover_packages(ignore) using defaults
[5.179s] Level 1:colcon.colcon_core.package_discovery:discover_packages(path) discover
[5.179s] Level 1:colcon.colcon_core.package_discovery:discover_packages(path) using defaults
[5.301s] Level 5:colcon.colcon_core.verb:set package 'my_parking_robot' build argument 'cmake_args' from command line to 'None'
[5.301s] Level 5:colcon.colcon_core.verb:set package 'my_parking_robot' build argument 'cmake_target' from command line to 'None'
[5.301s] Level 5:colcon.colcon_core.verb:set package 'my_parking_robot' build argument 'cmake_target_skip_unavailable' from command line to 'False'
[5.301s] Level 5:colcon.colcon_core.verb:set package 'my_parking_robot' build argument 'cmake_clean_cache' from command line to 'False'
[5.301s] Level 5:colcon.colcon_core.verb:set package 'my_parking_robot' build argument 'cmake_clean_first' from command line to 'False'
[5.301s] Level 5:colcon.colcon_core.verb:set package 'my_parking_robot' build argument 'cmake_force_configure' from command line to 'False'
[5.301s] Level 5:colcon.colcon_core.verb:set package 'my_parking_robot' build argument 'ament_cmake_args' from command line to 'None'
[5.301s] Level 5:colcon.colcon_core.verb:set package 'my_parking_robot' build argument 'catkin_cmake_args' from command line to 'None'
[5.301s] Level 5:colcon.colcon_core.verb:set package 'my_parking_robot' build argument 'catkin_skip_building_tests' from command line to 'False'
[5.302s] DEBUG:colcon.colcon_core.verb:Building package 'my_parking_robot' with the following arguments: {'ament_cmake_args': None, 'build_base': '/home/andrisgerber/ros2_ws/build/my_parking_robot', 'catkin_cmake_args': None, 'catkin_skip_building_tests': False, 'cmake_args': None, 'cmake_clean_cache': False, 'cmake_clean_first': False, 'cmake_force_configure': False, 'cmake_target': None, 'cmake_target_skip_unavailable': False, 'install_base': '/home/andrisgerber/ros2_ws/install/my_parking_robot', 'merge_install': False, 'path': '/home/andrisgerber/ros2_ws/src/my_parking_robot', 'symlink_install': True, 'test_result_base': None}
[5.302s] INFO:colcon.colcon_core.executor:Executing jobs using 'parallel' executor
[5.303s] DEBUG:colcon.colcon_parallel_executor.executor.parallel:run_until_complete
[5.303s] INFO:colcon.colcon_ros.task.ament_python.build:Building ROS package in '/home/andrisgerber/ros2_ws/src/my_parking_robot' with build type 'ament_python'
[5.303s] Level 1:colcon.colcon_core.shell:create_environment_hook('my_parking_robot', 'ament_prefix_path')
[5.313s] INFO:colcon.colcon_core.plugin_system:Skipping extension 'colcon_core.shell.bat': Not used on non-Windows systems
[5.314s] INFO:colcon.colcon_core.shell:Creating environment hook '/home/andrisgerber/ros2_ws/install/my_parking_robot/share/my_parking_robot/hook/ament_prefix_path.ps1'
[5.318s] INFO:colcon.colcon_core.shell:Creating environment descriptor '/home/andrisgerber/ros2_ws/install/my_parking_robot/share/my_parking_robot/hook/ament_prefix_path.dsv'
[5.321s] INFO:colcon.colcon_core.shell:Creating environment hook '/home/andrisgerber/ros2_ws/install/my_parking_robot/share/my_parking_robot/hook/ament_prefix_path.sh'
[5.322s] INFO:colcon.colcon_core.shell:Skip shell extension 'powershell' for command environment: Not usable outside of PowerShell
[5.322s] DEBUG:colcon.colcon_core.shell:Skip shell extension 'dsv' for command environment
[5.924s] INFO:colcon.colcon_core.task.python.build:Building Python package in '/home/andrisgerber/ros2_ws/src/my_parking_robot'
[5.924s] INFO:colcon.colcon_core.shell:Skip shell extension 'powershell' for command environment: Not usable outside of PowerShell
[5.924s] DEBUG:colcon.colcon_core.shell:Skip shell extension 'dsv' for command environment
[6.925s] DEBUG:colcon.colcon_core.event_handler.log_command:Invoking command in '/home/andrisgerber/ros2_ws/build/my_parking_robot': PS1=\[\e]0;\u@\h: \w\a\]\[\033[01;32m\]\u@\h\[\033[00m\]:\[\033[01;34m\]\w\[\033[33m\]$(parse_git_branch)\[\033[00m\] $ PYTHONPATH=/home/andrisgerber/ros2_ws/build/my_parking_robot/prefix_override:/usr/lib/python3/dist-packages/colcon_core/task/python/colcon_distutils_commands:/home/andrisgerber/ros2_ws/install/my_parking_robot/lib/python3.10/site-packages:${PYTHONPATH} /usr/bin/python3 -W ignore:setup.py install is deprecated -W ignore:easy_install command is deprecated setup.py develop --editable --build-directory /home/andrisgerber/ros2_ws/build/my_parking_robot/build --no-deps symlink_data
[7.707s] Level 1:colcon.colcon_core.shell:create_environment_hook('my_parking_robot', 'pythonpath_develop')
[7.707s] INFO:colcon.colcon_core.shell:Creating environment hook '/home/andrisgerber/ros2_ws/build/my_parking_robot/share/my_parking_robot/hook/pythonpath_develop.ps1'
[7.707s] DEBUG:colcon.colcon_core.event_handler.log_command:Invoked command in '/home/andrisgerber/ros2_ws/build/my_parking_robot' returned '0': PS1=\[\e]0;\u@\h: \w\a\]\[\033[01;32m\]\u@\h\[\033[00m\]:\[\033[01;34m\]\w\[\033[33m\]$(parse_git_branch)\[\033[00m\] $ PYTHONPATH=/home/andrisgerber/ros2_ws/build/my_parking_robot/prefix_override:/usr/lib/python3/dist-packages/colcon_core/task/python/colcon_distutils_commands:/home/andrisgerber/ros2_ws/install/my_parking_robot/lib/python3.10/site-packages:${PYTHONPATH} /usr/bin/python3 -W ignore:setup.py install is deprecated -W ignore:easy_install command is deprecated setup.py develop --editable --build-directory /home/andrisgerber/ros2_ws/build/my_parking_robot/build --no-deps symlink_data
[7.708s] INFO:colcon.colcon_core.shell:Creating environment descriptor '/home/andrisgerber/ros2_ws/build/my_parking_robot/share/my_parking_robot/hook/pythonpath_develop.dsv'
[7.708s] INFO:colcon.colcon_core.shell:Creating environment hook '/home/andrisgerber/ros2_ws/build/my_parking_robot/share/my_parking_robot/hook/pythonpath_develop.sh'
[7.768s] Level 1:colcon.colcon_core.environment:checking '/home/andrisgerber/ros2_ws/install/my_parking_robot' for CMake module files
[7.769s] Level 1:colcon.colcon_core.environment:checking '/home/andrisgerber/ros2_ws/install/my_parking_robot' for CMake config files
[7.770s] Level 1:colcon.colcon_core.environment:checking '/home/andrisgerber/ros2_ws/install/my_parking_robot/lib'
[7.771s] Level 1:colcon.colcon_core.environment:checking '/home/andrisgerber/ros2_ws/install/my_parking_robot/bin'
[7.771s] Level 1:colcon.colcon_core.environment:checking '/home/andrisgerber/ros2_ws/install/my_parking_robot/lib/pkgconfig/my_parking_robot.pc'
[7.771s] Level 1:colcon.colcon_core.environment:checking '/home/andrisgerber/ros2_ws/install/my_parking_robot/lib/python3.10/site-packages'
[7.771s] Level 1:colcon.colcon_core.shell:create_environment_hook('my_parking_robot', 'pythonpath')
[7.771s] INFO:colcon.colcon_core.shell:Creating environment hook '/home/andrisgerber/ros2_ws/install/my_parking_robot/share/my_parking_robot/hook/pythonpath.ps1'
[7.773s] INFO:colcon.colcon_core.shell:Creating environment descriptor '/home/andrisgerber/ros2_ws/install/my_parking_robot/share/my_parking_robot/hook/pythonpath.dsv'
[7.773s] INFO:colcon.colcon_core.shell:Creating environment hook '/home/andrisgerber/ros2_ws/install/my_parking_robot/share/my_parking_robot/hook/pythonpath.sh'
[7.773s] Level 1:colcon.colcon_core.environment:checking '/home/andrisgerber/ros2_ws/install/my_parking_robot/bin'
[7.774s] Level 1:colcon.colcon_core.environment:create_environment_scripts_only(my_parking_robot)
[7.774s] INFO:colcon.colcon_core.shell:Creating package script '/home/andrisgerber/ros2_ws/install/my_parking_robot/share/my_parking_robot/package.ps1'
[7.785s] INFO:colcon.colcon_core.shell:Creating package descriptor '/home/andrisgerber/ros2_ws/install/my_parking_robot/share/my_parking_robot/package.dsv'
[7.786s] INFO:colcon.colcon_core.shell:Creating package script '/home/andrisgerber/ros2_ws/install/my_parking_robot/share/my_parking_robot/package.sh'
[7.787s] INFO:colcon.colcon_core.shell:Creating package script '/home/andrisgerber/ros2_ws/install/my_parking_robot/share/my_parking_robot/package.bash'
[7.791s] INFO:colcon.colcon_core.shell:Creating package script '/home/andrisgerber/ros2_ws/install/my_parking_robot/share/my_parking_robot/package.zsh'
[7.799s] Level 1:colcon.colcon_core.environment:create_file_with_runtime_dependencies(/home/andrisgerber/ros2_ws/install/my_parking_robot/share/colcon-core/packages/my_parking_robot)
[7.800s] DEBUG:colcon.colcon_parallel_executor.executor.parallel:closing loop
[7.801s] DEBUG:colcon.colcon_parallel_executor.executor.parallel:loop closed
[7.801s] DEBUG:colcon.colcon_parallel_executor.executor.parallel:run_until_complete finished with '0'
[7.801s] DEBUG:colcon.colcon_core.event_reactor:joining thread
[7.833s] INFO:colcon.colcon_core.plugin_system:Skipping extension 'colcon_notification.desktop_notification.terminal_notifier': Not used on non-Darwin systems
[7.833s] INFO:colcon.colcon_core.plugin_system:Skipping extension 'colcon_notification.desktop_notification.win32': Not used on non-Windows systems
[7.834s] INFO:colcon.colcon_notification.desktop_notification:Sending desktop notification using 'notify2'
[7.846s] DEBUG:colcon.colcon_core.event_reactor:joined thread
[7.847s] INFO:colcon.colcon_core.shell:Creating prefix script '/home/andrisgerber/ros2_ws/install/local_setup.ps1'
[7.849s] INFO:colcon.colcon_core.shell:Creating prefix util module '/home/andrisgerber/ros2_ws/install/_local_setup_util_ps1.py'
[7.852s] INFO:colcon.colcon_core.shell:Creating prefix chain script '/home/andrisgerber/ros2_ws/install/setup.ps1'
[7.855s] INFO:colcon.colcon_core.shell:Creating prefix script '/home/andrisgerber/ros2_ws/install/local_setup.sh'
[7.856s] INFO:colcon.colcon_core.shell:Creating prefix util module '/home/andrisgerber/ros2_ws/install/_local_setup_util_sh.py'
[7.856s] INFO:colcon.colcon_core.shell:Creating prefix chain script '/home/andrisgerber/ros2_ws/install/setup.sh'
[7.859s] INFO:colcon.colcon_core.shell:Creating prefix script '/home/andrisgerber/ros2_ws/install/local_setup.bash'
[7.860s] INFO:colcon.colcon_core.shell:Creating prefix chain script '/home/andrisgerber/ros2_ws/install/setup.bash'
[7.865s] INFO:colcon.colcon_core.shell:Creating prefix script '/home/andrisgerber/ros2_ws/install/local_setup.zsh'
[7.867s] INFO:colcon.colcon_core.shell:Creating prefix chain script '/home/andrisgerber/ros2_ws/install/setup.zsh'
