[0.277s] DEBUG:colcon:Command line arguments: ['/usr/bin/colcon', 'build']
[0.277s] DEBUG:colcon:Parsed command line arguments: Namespace(log_base=None, log_level=None, verb_name='build', build_base='build', install_base='install', merge_install=False, symlink_install=False, test_result_base=None, continue_on_error=False, executor='parallel', parallel_workers=8, event_handlers=None, ignore_user_meta=False, metas=['./colcon.meta'], base_paths=['.'], packages_ignore=None, packages_ignore_regex=None, paths=None, packages_up_to=None, packages_up_to_regex=None, packages_above=None, packages_above_and_dependencies=None, packages_above_depth=None, packages_select_by_dep=None, packages_skip_by_dep=None, packages_skip_up_to=None, packages_select_build_failed=False, packages_skip_build_finished=False, packages_select_test_failures=False, packages_skip_test_passed=False, packages_select=None, packages_skip=None, packages_select_regex=None, packages_skip_regex=None, packages_start=None, packages_end=None, cmake_args=None, cmake_target=None, cmake_target_skip_unavailable=False, cmake_clean_cache=False, cmake_clean_first=False, cmake_force_configure=False, ament_cmake_args=None, catkin_cmake_args=None, catkin_skip_building_tests=False, mixin_files=None, mixin=None, verb_parser=<colcon_mixin.mixin.mixin_argument.MixinArgumentDecorator object at 0x7154d5a35030>, verb_extension=<colcon_core.verb.build.BuildVerb object at 0x7154d5a34970>, main=<bound method BuildVerb.main of <colcon_core.verb.build.BuildVerb object at 0x7154d5a34970>>, mixin_verb=('build',))
[4.890s] Level 1:colcon.colcon_core.package_discovery:discover_packages(colcon_meta) check parameters
[4.891s] Level 1:colcon.colcon_core.package_discovery:discover_packages(recursive) check parameters
[4.891s] Level 1:colcon.colcon_core.package_discovery:discover_packages(ignore) check parameters
[4.891s] Level 1:colcon.colcon_core.package_discovery:discover_packages(path) check parameters
[4.891s] Level 1:colcon.colcon_core.package_discovery:discover_packages(colcon_meta) discover
[4.891s] Level 1:colcon.colcon_core.package_discovery:discover_packages(recursive) discover
[4.891s] INFO:colcon.colcon_core.package_discovery:Crawling recursively for packages in '/home/andrisgerber/ros2_workspace'
[4.891s] Level 1:colcon.colcon_core.package_identification:_identify(.) by extensions ['ignore', 'ignore_ament_install']
[4.891s] Level 1:colcon.colcon_core.package_identification:_identify(.) by extension 'ignore'
[4.891s] Level 1:colcon.colcon_core.package_identification:_identify(.) by extension 'ignore_ament_install'
[4.891s] Level 1:colcon.colcon_core.package_identification:_identify(.) by extensions ['colcon_pkg']
[4.892s] Level 1:colcon.colcon_core.package_identification:_identify(.) by extension 'colcon_pkg'
[4.892s] Level 1:colcon.colcon_core.package_identification:_identify(.) by extensions ['colcon_meta']
[4.892s] Level 1:colcon.colcon_core.package_identification:_identify(.) by extension 'colcon_meta'
[4.892s] Level 1:colcon.colcon_core.package_identification:_identify(.) by extensions ['ros']
[4.892s] Level 1:colcon.colcon_core.package_identification:_identify(.) by extension 'ros'
[4.988s] Level 1:colcon.colcon_core.package_identification:_identify(.) by extensions ['cmake', 'python']
[4.988s] Level 1:colcon.colcon_core.package_identification:_identify(.) by extension 'cmake'
[4.989s] Level 1:colcon.colcon_core.package_identification:_identify(.) by extension 'python'
[4.989s] Level 1:colcon.colcon_core.package_identification:_identify(.) by extensions ['python_setup_py']
[4.989s] Level 1:colcon.colcon_core.package_identification:_identify(.) by extension 'python_setup_py'
[4.989s] Level 1:colcon.colcon_core.package_identification:_identify(build) by extensions ['ignore', 'ignore_ament_install']
[4.989s] Level 1:colcon.colcon_core.package_identification:_identify(build) by extension 'ignore'
[4.989s] Level 1:colcon.colcon_core.package_identification:_identify(build) ignored
[4.989s] Level 1:colcon.colcon_core.package_identification:_identify(install) by extensions ['ignore', 'ignore_ament_install']
[4.989s] Level 1:colcon.colcon_core.package_identification:_identify(install) by extension 'ignore'
[4.989s] Level 1:colcon.colcon_core.package_identification:_identify(install) ignored
[4.989s] Level 1:colcon.colcon_core.package_identification:_identify(log) by extensions ['ignore', 'ignore_ament_install']
[4.989s] Level 1:colcon.colcon_core.package_identification:_identify(log) by extension 'ignore'
[4.989s] Level 1:colcon.colcon_core.package_identification:_identify(log) ignored
[4.990s] Level 1:colcon.colcon_core.package_identification:_identify(src) by extensions ['ignore', 'ignore_ament_install']
[4.990s] Level 1:colcon.colcon_core.package_identification:_identify(src) by extension 'ignore'
[4.990s] Level 1:colcon.colcon_core.package_identification:_identify(src) by extension 'ignore_ament_install'
[4.990s] Level 1:colcon.colcon_core.package_identification:_identify(src) by extensions ['colcon_pkg']
[4.990s] Level 1:colcon.colcon_core.package_identification:_identify(src) by extension 'colcon_pkg'
[4.990s] Level 1:colcon.colcon_core.package_identification:_identify(src) by extensions ['colcon_meta']
[4.990s] Level 1:colcon.colcon_core.package_identification:_identify(src) by extension 'colcon_meta'
[4.990s] Level 1:colcon.colcon_core.package_identification:_identify(src) by extensions ['ros']
[4.990s] Level 1:colcon.colcon_core.package_identification:_identify(src) by extension 'ros'
[4.990s] Level 1:colcon.colcon_core.package_identification:_identify(src) by extensions ['cmake', 'python']
[4.990s] Level 1:colcon.colcon_core.package_identification:_identify(src) by extension 'cmake'
[4.990s] Level 1:colcon.colcon_core.package_identification:_identify(src) by extension 'python'
[4.990s] Level 1:colcon.colcon_core.package_identification:_identify(src) by extensions ['python_setup_py']
[4.990s] Level 1:colcon.colcon_core.package_identification:_identify(src) by extension 'python_setup_py'
[4.990s] Level 1:colcon.colcon_core.package_identification:_identify(src/my_parking_robot) by extensions ['ignore', 'ignore_ament_install']
[4.990s] Level 1:colcon.colcon_core.package_identification:_identify(src/my_parking_robot) by extension 'ignore'
[4.990s] Level 1:colcon.colcon_core.package_identification:_identify(src/my_parking_robot) by extension 'ignore_ament_install'
[4.990s] Level 1:colcon.colcon_core.package_identification:_identify(src/my_parking_robot) by extensions ['colcon_pkg']
[4.991s] Level 1:colcon.colcon_core.package_identification:_identify(src/my_parking_robot) by extension 'colcon_pkg'
[4.991s] Level 1:colcon.colcon_core.package_identification:_identify(src/my_parking_robot) by extensions ['colcon_meta']
[4.991s] Level 1:colcon.colcon_core.package_identification:_identify(src/my_parking_robot) by extension 'colcon_meta'
[4.991s] Level 1:colcon.colcon_core.package_identification:_identify(src/my_parking_robot) by extensions ['ros']
[4.991s] Level 1:colcon.colcon_core.package_identification:_identify(src/my_parking_robot) by extension 'ros'
[5.019s] DEBUG:colcon.colcon_core.package_identification:Package 'src/my_parking_robot' with type 'ros.ament_python' and name 'my_parking_robot'
[5.019s] Level 1:colcon.colcon_core.package_discovery:discover_packages(recursive) using defaults
[5.019s] Level 1:colcon.colcon_core.package_discovery:discover_packages(ignore) discover
[5.019s] Level 1:colcon.colcon_core.package_discovery:discover_packages(ignore) using defaults
[5.019s] Level 1:colcon.colcon_core.package_discovery:discover_packages(path) discover
[5.019s] Level 1:colcon.colcon_core.package_discovery:discover_packages(path) using defaults
[5.130s] Level 5:colcon.colcon_core.verb:set package 'my_parking_robot' build argument 'cmake_args' from command line to 'None'
[5.130s] Level 5:colcon.colcon_core.verb:set package 'my_parking_robot' build argument 'cmake_target' from command line to 'None'
[5.130s] Level 5:colcon.colcon_core.verb:set package 'my_parking_robot' build argument 'cmake_target_skip_unavailable' from command line to 'False'
[5.131s] Level 5:colcon.colcon_core.verb:set package 'my_parking_robot' build argument 'cmake_clean_cache' from command line to 'False'
[5.131s] Level 5:colcon.colcon_core.verb:set package 'my_parking_robot' build argument 'cmake_clean_first' from command line to 'False'
[5.131s] Level 5:colcon.colcon_core.verb:set package 'my_parking_robot' build argument 'cmake_force_configure' from command line to 'False'
[5.131s] Level 5:colcon.colcon_core.verb:set package 'my_parking_robot' build argument 'ament_cmake_args' from command line to 'None'
[5.131s] Level 5:colcon.colcon_core.verb:set package 'my_parking_robot' build argument 'catkin_cmake_args' from command line to 'None'
[5.131s] Level 5:colcon.colcon_core.verb:set package 'my_parking_robot' build argument 'catkin_skip_building_tests' from command line to 'False'
[5.131s] DEBUG:colcon.colcon_core.verb:Building package 'my_parking_robot' with the following arguments: {'ament_cmake_args': None, 'build_base': '/home/andrisgerber/ros2_workspace/build/my_parking_robot', 'catkin_cmake_args': None, 'catkin_skip_building_tests': False, 'cmake_args': None, 'cmake_clean_cache': False, 'cmake_clean_first': False, 'cmake_force_configure': False, 'cmake_target': None, 'cmake_target_skip_unavailable': False, 'install_base': '/home/andrisgerber/ros2_workspace/install/my_parking_robot', 'merge_install': False, 'path': '/home/andrisgerber/ros2_workspace/src/my_parking_robot', 'symlink_install': False, 'test_result_base': None}
[5.131s] INFO:colcon.colcon_core.executor:Executing jobs using 'parallel' executor
[5.132s] DEBUG:colcon.colcon_parallel_executor.executor.parallel:run_until_complete
[5.132s] INFO:colcon.colcon_ros.task.ament_python.build:Building ROS package in '/home/andrisgerber/ros2_workspace/src/my_parking_robot' with build type 'ament_python'
[5.132s] Level 1:colcon.colcon_core.shell:create_environment_hook('my_parking_robot', 'ament_prefix_path')
[5.156s] INFO:colcon.colcon_core.plugin_system:Skipping extension 'colcon_core.shell.bat': Not used on non-Windows systems
[5.156s] INFO:colcon.colcon_core.shell:Creating environment hook '/home/andrisgerber/ros2_workspace/install/my_parking_robot/share/my_parking_robot/hook/ament_prefix_path.ps1'
[5.173s] INFO:colcon.colcon_core.shell:Creating environment descriptor '/home/andrisgerber/ros2_workspace/install/my_parking_robot/share/my_parking_robot/hook/ament_prefix_path.dsv'
[5.174s] INFO:colcon.colcon_core.shell:Creating environment hook '/home/andrisgerber/ros2_workspace/install/my_parking_robot/share/my_parking_robot/hook/ament_prefix_path.sh'
[5.175s] INFO:colcon.colcon_core.shell:Skip shell extension 'powershell' for command environment: Not usable outside of PowerShell
[5.175s] DEBUG:colcon.colcon_core.shell:Skip shell extension 'dsv' for command environment
[5.615s] WARNING:colcon.colcon_ros.task.ament_python.build:Package 'my_parking_robot' doesn't explicitly install a marker in the package index (colcon-ros currently does it implicitly but that fallback will be removed in the future)
[5.626s] DEBUG:colcon.colcon_parallel_executor.executor.parallel:closing loop
[5.626s] DEBUG:colcon.colcon_parallel_executor.executor.parallel:loop closed
[5.626s] DEBUG:colcon.colcon_parallel_executor.executor.parallel:run_until_complete finished with '[Errno 2] No such file or directory: '/home/andrisgerber/ros2_workspace/install/my_parking_robot/share/ament_index/resource_index/packages/my_parking_robot''
[5.626s] DEBUG:colcon.colcon_core.event_reactor:joining thread
[5.684s] INFO:colcon.colcon_core.plugin_system:Skipping extension 'colcon_notification.desktop_notification.terminal_notifier': Not used on non-Darwin systems
[5.684s] INFO:colcon.colcon_core.plugin_system:Skipping extension 'colcon_notification.desktop_notification.win32': Not used on non-Windows systems
[5.684s] INFO:colcon.colcon_notification.desktop_notification:Sending desktop notification using 'notify2'
[5.696s] DEBUG:colcon.colcon_core.event_reactor:joined thread
[5.696s] INFO:colcon.colcon_core.shell:Creating prefix script '/home/andrisgerber/ros2_workspace/install/local_setup.ps1'
[5.698s] INFO:colcon.colcon_core.shell:Creating prefix util module '/home/andrisgerber/ros2_workspace/install/_local_setup_util_ps1.py'
[5.700s] INFO:colcon.colcon_core.shell:Creating prefix chain script '/home/andrisgerber/ros2_workspace/install/setup.ps1'
[5.703s] INFO:colcon.colcon_core.shell:Creating prefix script '/home/andrisgerber/ros2_workspace/install/local_setup.sh'
[5.704s] INFO:colcon.colcon_core.shell:Creating prefix util module '/home/andrisgerber/ros2_workspace/install/_local_setup_util_sh.py'
[5.705s] INFO:colcon.colcon_core.shell:Creating prefix chain script '/home/andrisgerber/ros2_workspace/install/setup.sh'
[5.707s] INFO:colcon.colcon_core.shell:Creating prefix script '/home/andrisgerber/ros2_workspace/install/local_setup.bash'
[5.720s] INFO:colcon.colcon_core.shell:Creating prefix chain script '/home/andrisgerber/ros2_workspace/install/setup.bash'
[5.722s] INFO:colcon.colcon_core.shell:Creating prefix script '/home/andrisgerber/ros2_workspace/install/local_setup.zsh'
[5.728s] INFO:colcon.colcon_core.shell:Creating prefix chain script '/home/andrisgerber/ros2_workspace/install/setup.zsh'
