[0.315s] DEBUG:colcon:Command line arguments: ['/usr/bin/colcon', 'build']
[0.315s] DEBUG:colcon:Parsed command line arguments: Namespace(log_base=None, log_level=None, verb_name='build', build_base='build', install_base='install', merge_install=False, symlink_install=False, test_result_base=None, continue_on_error=False, executor='parallel', parallel_workers=8, event_handlers=None, ignore_user_meta=False, metas=['./colcon.meta'], base_paths=['.'], packages_ignore=None, packages_ignore_regex=None, paths=None, packages_up_to=None, packages_up_to_regex=None, packages_above=None, packages_above_and_dependencies=None, packages_above_depth=None, packages_select_by_dep=None, packages_skip_by_dep=None, packages_skip_up_to=None, packages_select_build_failed=False, packages_skip_build_finished=False, packages_select_test_failures=False, packages_skip_test_passed=False, packages_select=None, packages_skip=None, packages_select_regex=None, packages_skip_regex=None, packages_start=None, packages_end=None, cmake_args=None, cmake_target=None, cmake_target_skip_unavailable=False, cmake_clean_cache=False, cmake_clean_first=False, cmake_force_configure=False, ament_cmake_args=None, catkin_cmake_args=None, catkin_skip_building_tests=False, mixin_files=None, mixin=None, verb_parser=<colcon_mixin.mixin.mixin_argument.MixinArgumentDecorator object at 0x7489ced2dea0>, verb_extension=<colcon_core.verb.build.BuildVerb object at 0x7489ced2d7e0>, main=<bound method BuildVerb.main of <colcon_core.verb.build.BuildVerb object at 0x7489ced2d7e0>>, mixin_verb=('build',))
[3.643s] Level 1:colcon.colcon_core.package_discovery:discover_packages(colcon_meta) check parameters
[3.643s] Level 1:colcon.colcon_core.package_discovery:discover_packages(recursive) check parameters
[3.643s] Level 1:colcon.colcon_core.package_discovery:discover_packages(ignore) check parameters
[3.643s] Level 1:colcon.colcon_core.package_discovery:discover_packages(path) check parameters
[3.643s] Level 1:colcon.colcon_core.package_discovery:discover_packages(colcon_meta) discover
[3.643s] Level 1:colcon.colcon_core.package_discovery:discover_packages(recursive) discover
[3.643s] INFO:colcon.colcon_core.package_discovery:Crawling recursively for packages in '/home/andrisgerber/ros2_ws'
[3.643s] Level 1:colcon.colcon_core.package_identification:_identify(.) by extensions ['ignore', 'ignore_ament_install']
[3.644s] Level 1:colcon.colcon_core.package_identification:_identify(.) by extension 'ignore'
[3.644s] Level 1:colcon.colcon_core.package_identification:_identify(.) by extension 'ignore_ament_install'
[3.644s] Level 1:colcon.colcon_core.package_identification:_identify(.) by extensions ['colcon_pkg']
[3.644s] Level 1:colcon.colcon_core.package_identification:_identify(.) by extension 'colcon_pkg'
[3.644s] Level 1:colcon.colcon_core.package_identification:_identify(.) by extensions ['colcon_meta']
[3.644s] Level 1:colcon.colcon_core.package_identification:_identify(.) by extension 'colcon_meta'
[3.644s] Level 1:colcon.colcon_core.package_identification:_identify(.) by extensions ['ros']
[3.644s] Level 1:colcon.colcon_core.package_identification:_identify(.) by extension 'ros'
[3.656s] Level 1:colcon.colcon_core.package_identification:_identify(.) by extensions ['cmake', 'python']
[3.656s] Level 1:colcon.colcon_core.package_identification:_identify(.) by extension 'cmake'
[3.656s] Level 1:colcon.colcon_core.package_identification:_identify(.) by extension 'python'
[3.656s] Level 1:colcon.colcon_core.package_identification:_identify(.) by extensions ['python_setup_py']
[3.656s] Level 1:colcon.colcon_core.package_identification:_identify(.) by extension 'python_setup_py'
[3.656s] Level 1:colcon.colcon_core.package_identification:_identify(build) by extensions ['ignore', 'ignore_ament_install']
[3.657s] Level 1:colcon.colcon_core.package_identification:_identify(build) by extension 'ignore'
[3.657s] Level 1:colcon.colcon_core.package_identification:_identify(build) ignored
[3.657s] Level 1:colcon.colcon_core.package_identification:_identify(install) by extensions ['ignore', 'ignore_ament_install']
[3.657s] Level 1:colcon.colcon_core.package_identification:_identify(install) by extension 'ignore'
[3.657s] Level 1:colcon.colcon_core.package_identification:_identify(install) ignored
[3.657s] Level 1:colcon.colcon_core.package_identification:_identify(log) by extensions ['ignore', 'ignore_ament_install']
[3.657s] Level 1:colcon.colcon_core.package_identification:_identify(log) by extension 'ignore'
[3.657s] Level 1:colcon.colcon_core.package_identification:_identify(log) ignored
[3.657s] Level 1:colcon.colcon_core.package_identification:_identify(src) by extensions ['ignore', 'ignore_ament_install']
[3.657s] Level 1:colcon.colcon_core.package_identification:_identify(src) by extension 'ignore'
[3.658s] Level 1:colcon.colcon_core.package_identification:_identify(src) by extension 'ignore_ament_install'
[3.658s] Level 1:colcon.colcon_core.package_identification:_identify(src) by extensions ['colcon_pkg']
[3.658s] Level 1:colcon.colcon_core.package_identification:_identify(src) by extension 'colcon_pkg'
[3.658s] Level 1:colcon.colcon_core.package_identification:_identify(src) by extensions ['colcon_meta']
[3.658s] Level 1:colcon.colcon_core.package_identification:_identify(src) by extension 'colcon_meta'
[3.658s] Level 1:colcon.colcon_core.package_identification:_identify(src) by extensions ['ros']
[3.658s] Level 1:colcon.colcon_core.package_identification:_identify(src) by extension 'ros'
[3.658s] Level 1:colcon.colcon_core.package_identification:_identify(src) by extensions ['cmake', 'python']
[3.658s] Level 1:colcon.colcon_core.package_identification:_identify(src) by extension 'cmake'
[3.658s] Level 1:colcon.colcon_core.package_identification:_identify(src) by extension 'python'
[3.658s] Level 1:colcon.colcon_core.package_identification:_identify(src) by extensions ['python_setup_py']
[3.658s] Level 1:colcon.colcon_core.package_identification:_identify(src) by extension 'python_setup_py'
[3.659s] Level 1:colcon.colcon_core.package_discovery:discover_packages(recursive) using defaults
[3.659s] Level 1:colcon.colcon_core.package_discovery:discover_packages(ignore) discover
[3.659s] Level 1:colcon.colcon_core.package_discovery:discover_packages(ignore) using defaults
[3.659s] Level 1:colcon.colcon_core.package_discovery:discover_packages(path) discover
[3.659s] Level 1:colcon.colcon_core.package_discovery:discover_packages(path) using defaults
[3.822s] INFO:colcon.colcon_core.executor:Executing jobs using 'parallel' executor
[3.824s] DEBUG:colcon.colcon_parallel_executor.executor.parallel:run_until_complete
[3.824s] DEBUG:colcon.colcon_parallel_executor.executor.parallel:closing loop
[3.824s] DEBUG:colcon.colcon_parallel_executor.executor.parallel:loop closed
[3.824s] DEBUG:colcon.colcon_parallel_executor.executor.parallel:run_until_complete finished with '0'
[3.824s] DEBUG:colcon.colcon_core.event_reactor:joining thread
[3.854s] INFO:colcon.colcon_core.plugin_system:Skipping extension 'colcon_notification.desktop_notification.terminal_notifier': Not used on non-Darwin systems
[3.854s] INFO:colcon.colcon_core.plugin_system:Skipping extension 'colcon_notification.desktop_notification.win32': Not used on non-Windows systems
[3.854s] INFO:colcon.colcon_notification.desktop_notification:Sending desktop notification using 'notify2'
[3.869s] DEBUG:colcon.colcon_core.event_reactor:joined thread
[3.928s] INFO:colcon.colcon_core.plugin_system:Skipping extension 'colcon_core.shell.bat': Not used on non-Windows systems
[3.928s] INFO:colcon.colcon_core.shell:Creating prefix script '/home/andrisgerber/ros2_ws/install/local_setup.ps1'
[3.940s] INFO:colcon.colcon_core.shell:Creating prefix util module '/home/andrisgerber/ros2_ws/install/_local_setup_util_ps1.py'
[3.946s] INFO:colcon.colcon_core.shell:Creating prefix chain script '/home/andrisgerber/ros2_ws/install/setup.ps1'
[3.975s] INFO:colcon.colcon_core.shell:Creating prefix script '/home/andrisgerber/ros2_ws/install/local_setup.sh'
[3.977s] INFO:colcon.colcon_core.shell:Creating prefix util module '/home/andrisgerber/ros2_ws/install/_local_setup_util_sh.py'
[3.977s] INFO:colcon.colcon_core.shell:Creating prefix chain script '/home/andrisgerber/ros2_ws/install/setup.sh'
[3.995s] INFO:colcon.colcon_core.shell:Creating prefix script '/home/andrisgerber/ros2_ws/install/local_setup.bash'
[4.004s] INFO:colcon.colcon_core.shell:Creating prefix chain script '/home/andrisgerber/ros2_ws/install/setup.bash'
[4.008s] INFO:colcon.colcon_core.shell:Creating prefix script '/home/andrisgerber/ros2_ws/install/local_setup.zsh'
[4.012s] INFO:colcon.colcon_core.shell:Creating prefix chain script '/home/andrisgerber/ros2_ws/install/setup.zsh'
