[0.807s] Invoking command in '/home/andrisgerber/ros2_workspace/src/my_parking_robot': PS1=\[\e]0;\u@\h: \w\a\]\[\033[01;32m\]\u@\h\[\033[00m\]:\[\033[01;34m\]\w\[\033[33m\]$(parse_git_branch)\[\033[00m\] $ PYTHONPATH=/home/andrisgerber/ros2_workspace/build/my_parking_robot/prefix_override:/usr/lib/python3/dist-packages/colcon_core/task/python/colcon_distutils_commands:/home/andrisgerber/ros2_workspace/install/my_parking_robot/lib/python3.10/site-packages:${PYTHONPATH} /usr/bin/python3 -W ignore:setup.py install is deprecated -W ignore:easy_install command is deprecated setup.py egg_info --egg-base ../../build/my_parking_robot build --build-base /home/andrisgerber/ros2_workspace/build/my_parking_robot/build install --record /home/andrisgerber/ros2_workspace/build/my_parking_robot/install.log --single-version-externally-managed install_data
[1.118s] running egg_info
[1.119s] writing ../../build/my_parking_robot/my_parking_robot.egg-info/PKG-INFO
[1.119s] writing dependency_links to ../../build/my_parking_robot/my_parking_robot.egg-info/dependency_links.txt
[1.120s] writing entry points to ../../build/my_parking_robot/my_parking_robot.egg-info/entry_points.txt
[1.120s] writing requirements to ../../build/my_parking_robot/my_parking_robot.egg-info/requires.txt
[1.120s] writing top-level names to ../../build/my_parking_robot/my_parking_robot.egg-info/top_level.txt
[1.122s] reading manifest file '../../build/my_parking_robot/my_parking_robot.egg-info/SOURCES.txt'
[1.123s] writing manifest file '../../build/my_parking_robot/my_parking_robot.egg-info/SOURCES.txt'
[1.123s] running build
[1.123s] running build_py
[1.124s] running install
[1.124s] running install_lib
[1.126s] running install_data
[1.126s] copying launch/my_parking_robot.launch.xml -> /home/andrisgerber/ros2_workspace/install/my_parking_robot/share/my_parking_robot/launch
[1.126s] running install_egg_info
[1.128s] removing '/home/andrisgerber/ros2_workspace/install/my_parking_robot/lib/python3.10/site-packages/my_parking_robot-0.0.0-py3.10.egg-info' (and everything under it)
[1.129s] Copying ../../build/my_parking_robot/my_parking_robot.egg-info to /home/andrisgerber/ros2_workspace/install/my_parking_robot/lib/python3.10/site-packages/my_parking_robot-0.0.0-py3.10.egg-info
[1.130s] running install_scripts
[1.163s] Installing PathCreator script to /home/andrisgerber/ros2_workspace/install/my_parking_robot/lib/my_parking_robot
[1.163s] Installing control script to /home/andrisgerber/ros2_workspace/install/my_parking_robot/lib/my_parking_robot
[1.163s] Installing my_parking_robot script to /home/andrisgerber/ros2_workspace/install/my_parking_robot/lib/my_parking_robot
[1.163s] writing list of installed files to '/home/andrisgerber/ros2_workspace/build/my_parking_robot/install.log'
[1.200s] Invoked command in '/home/andrisgerber/ros2_workspace/src/my_parking_robot' returned '0': PS1=\[\e]0;\u@\h: \w\a\]\[\033[01;32m\]\u@\h\[\033[00m\]:\[\033[01;34m\]\w\[\033[33m\]$(parse_git_branch)\[\033[00m\] $ PYTHONPATH=/home/andrisgerber/ros2_workspace/build/my_parking_robot/prefix_override:/usr/lib/python3/dist-packages/colcon_core/task/python/colcon_distutils_commands:/home/andrisgerber/ros2_workspace/install/my_parking_robot/lib/python3.10/site-packages:${PYTHONPATH} /usr/bin/python3 -W ignore:setup.py install is deprecated -W ignore:easy_install command is deprecated setup.py egg_info --egg-base ../../build/my_parking_robot build --build-base /home/andrisgerber/ros2_workspace/build/my_parking_robot/build install --record /home/andrisgerber/ros2_workspace/build/my_parking_robot/install.log --single-version-externally-managed install_data
