/home/andrisgerber/ros2_workspace/install/my_parking_robot/lib/python3.10/site-packages/my_parking_robot/PathCreator.py
/home/andrisgerber/ros2_workspace/install/my_parking_robot/lib/python3.10/site-packages/my_parking_robot/__init__.py
/home/andrisgerber/ros2_workspace/install/my_parking_robot/lib/python3.10/site-packages/my_parking_robot/my_parking_robot.py
/home/andrisgerber/ros2_workspace/install/my_parking_robot/lib/python3.10/site-packages/my_parking_robot/control.py
/home/andrisgerber/ros2_workspace/install/my_parking_robot/lib/python3.10/site-packages/my_parking_robot/__pycache__/PathCreator.cpython-310.pyc
/home/andrisgerber/ros2_workspace/install/my_parking_robot/lib/python3.10/site-packages/my_parking_robot/__pycache__/__init__.cpython-310.pyc
/home/andrisgerber/ros2_workspace/install/my_parking_robot/lib/python3.10/site-packages/my_parking_robot/__pycache__/my_parking_robot.cpython-310.pyc
/home/andrisgerber/ros2_workspace/install/my_parking_robot/lib/python3.10/site-packages/my_parking_robot/__pycache__/control.cpython-310.pyc
/home/andrisgerber/ros2_workspace/install/my_parking_robot/share/ament_index/resource_index/packages/my_parking_robot
/home/andrisgerber/ros2_workspace/install/my_parking_robot/share/my_parking_robot/package.xml
/home/andrisgerber/ros2_workspace/install/my_parking_robot/share/my_parking_robot/launch/my_parking_robot.launch.xml
/home/andrisgerber/ros2_workspace/install/my_parking_robot/share/my_parking_robot/rviz/my_parking_robot.rviz
/home/andrisgerber/ros2_workspace/install/my_parking_robot/lib/python3.10/site-packages/my_parking_robot-0.0.0-py3.10.egg-info/PKG-INFO
/home/andrisgerber/ros2_workspace/install/my_parking_robot/lib/python3.10/site-packages/my_parking_robot-0.0.0-py3.10.egg-info/SOURCES.txt
/home/andrisgerber/ros2_workspace/install/my_parking_robot/lib/python3.10/site-packages/my_parking_robot-0.0.0-py3.10.egg-info/entry_points.txt
/home/andrisgerber/ros2_workspace/install/my_parking_robot/lib/python3.10/site-packages/my_parking_robot-0.0.0-py3.10.egg-info/top_level.txt
/home/andrisgerber/ros2_workspace/install/my_parking_robot/lib/python3.10/site-packages/my_parking_robot-0.0.0-py3.10.egg-info/requires.txt
/home/andrisgerber/ros2_workspace/install/my_parking_robot/lib/python3.10/site-packages/my_parking_robot-0.0.0-py3.10.egg-info/dependency_links.txt
/home/andrisgerber/ros2_workspace/install/my_parking_robot/lib/python3.10/site-packages/my_parking_robot-0.0.0-py3.10.egg-info/zip-safe
/home/andrisgerber/ros2_workspace/install/my_parking_robot/lib/my_parking_robot/PathCreator
/home/andrisgerber/ros2_workspace/install/my_parking_robot/lib/my_parking_robot/control
/home/andrisgerber/ros2_workspace/install/my_parking_robot/lib/my_parking_robot/my_parking_robot
