running egg_info
writing ../build/my_parking_robot/my_parking_robot.egg-info/PKG-INFO
writing dependency_links to ../build/my_parking_robot/my_parking_robot.egg-info/dependency_links.txt
writing entry points to ../build/my_parking_robot/my_parking_robot.egg-info/entry_points.txt
writing requirements to ../build/my_parking_robot/my_parking_robot.egg-info/requires.txt
writing top-level names to ../build/my_parking_robot/my_parking_robot.egg-info/top_level.txt
reading manifest file '../build/my_parking_robot/my_parking_robot.egg-info/SOURCES.txt'
writing manifest file '../build/my_parking_robot/my_parking_robot.egg-info/SOURCES.txt'
running build
running build_py
running install
running install_lib
running install_data
creating /home/andrisgerber/ros2_workspace/src/install/my_parking_robot/share/my_parking_robot/rviz
copying rviz/my_parking_robot.rviz -> /home/andrisgerber/ros2_workspace/src/install/my_parking_robot/share/my_parking_robot/rviz
running install_egg_info
Copying ../build/my_parking_robot/my_parking_robot.egg-info to /home/andrisgerber/ros2_workspace/src/install/my_parking_robot/lib/python3.10/site-packages/my_parking_robot-0.0.0-py3.10.egg-info
running install_scripts
Installing my_parking_robot script to /home/andrisgerber/ros2_workspace/src/install/my_parking_robot/lib/my_parking_robot
writing list of installed files to '/home/andrisgerber/ros2_workspace/src/build/my_parking_robot/install.log'
