[0.717s] Invoking command in '/home/andrisgerber/ros2_workspace/src/my_parking_robot': PS1=\[\e]0;\u@\h: \w\a\]\[\033[01;32m\]\u@\h\[\033[00m\]:\[\033[01;34m\]\w\[\033[33m\]$(parse_git_branch)\[\033[00m\] $ PYTHONPATH=/home/andrisgerber/ros2_workspace/src/build/my_parking_robot/prefix_override:/usr/lib/python3/dist-packages/colcon_core/task/python/colcon_distutils_commands:/home/andrisgerber/ros2_workspace/src/install/my_parking_robot/lib/python3.10/site-packages:${PYTHONPATH} /usr/bin/python3 -W ignore:setup.py install is deprecated -W ignore:easy_install command is deprecated setup.py egg_info --egg-base ../build/my_parking_robot build --build-base /home/andrisgerber/ros2_workspace/src/build/my_parking_robot/build install --record /home/andrisgerber/ros2_workspace/src/build/my_parking_robot/install.log --single-version-externally-managed install_data
[0.991s] running egg_info
[0.992s] writing ../build/my_parking_robot/my_parking_robot.egg-info/PKG-INFO
[0.992s] writing dependency_links to ../build/my_parking_robot/my_parking_robot.egg-info/dependency_links.txt
[0.992s] writing entry points to ../build/my_parking_robot/my_parking_robot.egg-info/entry_points.txt
[0.993s] writing requirements to ../build/my_parking_robot/my_parking_robot.egg-info/requires.txt
[0.993s] writing top-level names to ../build/my_parking_robot/my_parking_robot.egg-info/top_level.txt
[0.994s] reading manifest file '../build/my_parking_robot/my_parking_robot.egg-info/SOURCES.txt'
[0.996s] writing manifest file '../build/my_parking_robot/my_parking_robot.egg-info/SOURCES.txt'
[0.996s] running build
[0.996s] running build_py
[0.996s] running install
[0.996s] running install_lib
[0.997s] running install_data
[0.998s] creating /home/andrisgerber/ros2_workspace/src/install/my_parking_robot/share/my_parking_robot/rviz
[0.998s] copying rviz/my_parking_robot.rviz -> /home/andrisgerber/ros2_workspace/src/install/my_parking_robot/share/my_parking_robot/rviz
[0.998s] running install_egg_info
[1.000s] Copying ../build/my_parking_robot/my_parking_robot.egg-info to /home/andrisgerber/ros2_workspace/src/install/my_parking_robot/lib/python3.10/site-packages/my_parking_robot-0.0.0-py3.10.egg-info
[1.001s] running install_scripts
[1.021s] Installing my_parking_robot script to /home/andrisgerber/ros2_workspace/src/install/my_parking_robot/lib/my_parking_robot
[1.021s] writing list of installed files to '/home/andrisgerber/ros2_workspace/src/build/my_parking_robot/install.log'
[1.050s] Invoked command in '/home/andrisgerber/ros2_workspace/src/my_parking_robot' returned '0': PS1=\[\e]0;\u@\h: \w\a\]\[\033[01;32m\]\u@\h\[\033[00m\]:\[\033[01;34m\]\w\[\033[33m\]$(parse_git_branch)\[\033[00m\] $ PYTHONPATH=/home/andrisgerber/ros2_workspace/src/build/my_parking_robot/prefix_override:/usr/lib/python3/dist-packages/colcon_core/task/python/colcon_distutils_commands:/home/andrisgerber/ros2_workspace/src/install/my_parking_robot/lib/python3.10/site-packages:${PYTHONPATH} /usr/bin/python3 -W ignore:setup.py install is deprecated -W ignore:easy_install command is deprecated setup.py egg_info --egg-base ../build/my_parking_robot build --build-base /home/andrisgerber/ros2_workspace/src/build/my_parking_robot/build install --record /home/andrisgerber/ros2_workspace/src/build/my_parking_robot/install.log --single-version-externally-managed install_data
