running develop
Removing /home/andrisgerber/ros2_ws/install/my_parking_robot/lib/python3.10/site-packages/my-parking-robot.egg-link (link to .)
running egg_info
writing ../../build/my_parking_robot/my_parking_robot.egg-info/PKG-INFO
writing dependency_links to ../../build/my_parking_robot/my_parking_robot.egg-info/dependency_links.txt
writing entry points to ../../build/my_parking_robot/my_parking_robot.egg-info/entry_points.txt
writing requirements to ../../build/my_parking_robot/my_parking_robot.egg-info/requires.txt
writing top-level names to ../../build/my_parking_robot/my_parking_robot.egg-info/top_level.txt
reading manifest file '../../build/my_parking_robot/my_parking_robot.egg-info/SOURCES.txt'
writing manifest file '../../build/my_parking_robot/my_parking_robot.egg-info/SOURCES.txt'
running build
running build_py
copying my_parking_robot/draw_circle.py -> /home/andrisgerber/ros2_ws/build/my_parking_robot/build/lib/my_parking_robot
copying my_parking_robot/my_first_node.py -> /home/andrisgerber/ros2_ws/build/my_parking_robot/build/lib/my_parking_robot
copying my_parking_robot/andras_drawer.py -> /home/andrisgerber/ros2_ws/build/my_parking_robot/build/lib/my_parking_robot
copying my_parking_robot/pose_subscriber.py -> /home/andrisgerber/ros2_ws/build/my_parking_robot/build/lib/my_parking_robot
copying my_parking_robot/turtle_controller.py -> /home/andrisgerber/ros2_ws/build/my_parking_robot/build/lib/my_parking_robot
running install
running install_lib
creating /home/andrisgerber/ros2_ws/install/my_parking_robot/lib/python3.10/site-packages/my_parking_robot
copying /home/andrisgerber/ros2_ws/build/my_parking_robot/build/lib/my_parking_robot/draw_circle.py -> /home/andrisgerber/ros2_ws/install/my_parking_robot/lib/python3.10/site-packages/my_parking_robot
copying /home/andrisgerber/ros2_ws/build/my_parking_robot/build/lib/my_parking_robot/my_first_node.py -> /home/andrisgerber/ros2_ws/install/my_parking_robot/lib/python3.10/site-packages/my_parking_robot
copying /home/andrisgerber/ros2_ws/build/my_parking_robot/build/lib/my_parking_robot/__init__.py -> /home/andrisgerber/ros2_ws/install/my_parking_robot/lib/python3.10/site-packages/my_parking_robot
copying /home/andrisgerber/ros2_ws/build/my_parking_robot/build/lib/my_parking_robot/andras_drawer.py -> /home/andrisgerber/ros2_ws/install/my_parking_robot/lib/python3.10/site-packages/my_parking_robot
copying /home/andrisgerber/ros2_ws/build/my_parking_robot/build/lib/my_parking_robot/pose_subscriber.py -> /home/andrisgerber/ros2_ws/install/my_parking_robot/lib/python3.10/site-packages/my_parking_robot
copying /home/andrisgerber/ros2_ws/build/my_parking_robot/build/lib/my_parking_robot/turtle_controller.py -> /home/andrisgerber/ros2_ws/install/my_parking_robot/lib/python3.10/site-packages/my_parking_robot
byte-compiling /home/andrisgerber/ros2_ws/install/my_parking_robot/lib/python3.10/site-packages/my_parking_robot/draw_circle.py to draw_circle.cpython-310.pyc
byte-compiling /home/andrisgerber/ros2_ws/install/my_parking_robot/lib/python3.10/site-packages/my_parking_robot/my_first_node.py to my_first_node.cpython-310.pyc
byte-compiling /home/andrisgerber/ros2_ws/install/my_parking_robot/lib/python3.10/site-packages/my_parking_robot/__init__.py to __init__.cpython-310.pyc
byte-compiling /home/andrisgerber/ros2_ws/install/my_parking_robot/lib/python3.10/site-packages/my_parking_robot/andras_drawer.py to andras_drawer.cpython-310.pyc
byte-compiling /home/andrisgerber/ros2_ws/install/my_parking_robot/lib/python3.10/site-packages/my_parking_robot/pose_subscriber.py to pose_subscriber.cpython-310.pyc
byte-compiling /home/andrisgerber/ros2_ws/install/my_parking_robot/lib/python3.10/site-packages/my_parking_robot/turtle_controller.py to turtle_controller.cpython-310.pyc
running install_data
copying resource/my_parking_robot -> /home/andrisgerber/ros2_ws/install/my_parking_robot/share/ament_index/resource_index/packages
copying package.xml -> /home/andrisgerber/ros2_ws/install/my_parking_robot/share/my_parking_robot
running install_egg_info
Copying ../../build/my_parking_robot/my_parking_robot.egg-info to /home/andrisgerber/ros2_ws/install/my_parking_robot/lib/python3.10/site-packages/my_parking_robot-0.0.0-py3.10.egg-info
running install_scripts
Installing andras_drawer script to /home/andrisgerber/ros2_ws/install/my_parking_robot/lib/my_parking_robot
Installing draw_circle script to /home/andrisgerber/ros2_ws/install/my_parking_robot/lib/my_parking_robot
Installing pose_subscriber script to /home/andrisgerber/ros2_ws/install/my_parking_robot/lib/my_parking_robot
Installing test_node script to /home/andrisgerber/ros2_ws/install/my_parking_robot/lib/my_parking_robot
Installing turtle_controller script to /home/andrisgerber/ros2_ws/install/my_parking_robot/lib/my_parking_robot
writing list of installed files to '/home/andrisgerber/ros2_ws/build/my_parking_robot/install.log'
