[1.366s] Invoking command in '/home/andrisgerber/ros2_ws/src/my_parking_robot': PS1=\[\e]0;\u@\h: \w\a\]\[\033[01;32m\]\u@\h\[\033[00m\]:\[\033[01;34m\]\w\[\033[33m\]$(parse_git_branch)\[\033[00m\] $ PYTHONPATH=/home/andrisgerber/ros2_ws/build/my_parking_robot/prefix_override:/usr/lib/python3/dist-packages/colcon_core/task/python/colcon_distutils_commands:/home/andrisgerber/ros2_ws/install/my_parking_robot/lib/python3.10/site-packages:${PYTHONPATH} /usr/bin/python3 -W ignore:setup.py install is deprecated -W ignore:easy_install command is deprecated setup.py egg_info --egg-base ../../build/my_parking_robot build --build-base /home/andrisgerber/ros2_ws/build/my_parking_robot/build install --record /home/andrisgerber/ros2_ws/build/my_parking_robot/install.log --single-version-externally-managed install_data
[1.680s] running egg_info
[1.681s] creating ../../build/my_parking_robot/my_parking_robot.egg-info
[1.681s] writing ../../build/my_parking_robot/my_parking_robot.egg-info/PKG-INFO
[1.682s] writing dependency_links to ../../build/my_parking_robot/my_parking_robot.egg-info/dependency_links.txt
[1.682s] writing entry points to ../../build/my_parking_robot/my_parking_robot.egg-info/entry_points.txt
[1.682s] writing requirements to ../../build/my_parking_robot/my_parking_robot.egg-info/requires.txt
[1.682s] writing top-level names to ../../build/my_parking_robot/my_parking_robot.egg-info/top_level.txt
[1.682s] writing manifest file '../../build/my_parking_robot/my_parking_robot.egg-info/SOURCES.txt'
[1.684s] reading manifest file '../../build/my_parking_robot/my_parking_robot.egg-info/SOURCES.txt'
[1.685s] writing manifest file '../../build/my_parking_robot/my_parking_robot.egg-info/SOURCES.txt'
[1.685s] running build
[1.686s] running build_py
[1.686s] creating /home/andrisgerber/ros2_ws/build/my_parking_robot/build
[1.686s] creating /home/andrisgerber/ros2_ws/build/my_parking_robot/build/lib
[1.686s] creating /home/andrisgerber/ros2_ws/build/my_parking_robot/build/lib/my_parking_robot
[1.686s] copying my_parking_robot/__init__.py -> /home/andrisgerber/ros2_ws/build/my_parking_robot/build/lib/my_parking_robot
[1.686s] running install
[1.686s] running install_lib
[1.687s] creating /home/andrisgerber/ros2_ws/install/my_parking_robot/lib/python3.10/site-packages/my_parking_robot
[1.687s] copying /home/andrisgerber/ros2_ws/build/my_parking_robot/build/lib/my_parking_robot/__init__.py -> /home/andrisgerber/ros2_ws/install/my_parking_robot/lib/python3.10/site-packages/my_parking_robot
[1.688s] byte-compiling /home/andrisgerber/ros2_ws/install/my_parking_robot/lib/python3.10/site-packages/my_parking_robot/__init__.py to __init__.cpython-310.pyc
[1.688s] running install_data
[1.688s] creating /home/andrisgerber/ros2_ws/install/my_parking_robot/share/ament_index
[1.689s] creating /home/andrisgerber/ros2_ws/install/my_parking_robot/share/ament_index/resource_index
[1.689s] creating /home/andrisgerber/ros2_ws/install/my_parking_robot/share/ament_index/resource_index/packages
[1.689s] copying resource/my_parking_robot -> /home/andrisgerber/ros2_ws/install/my_parking_robot/share/ament_index/resource_index/packages
[1.689s] copying package.xml -> /home/andrisgerber/ros2_ws/install/my_parking_robot/share/my_parking_robot
[1.689s] running install_egg_info
[1.692s] Copying ../../build/my_parking_robot/my_parking_robot.egg-info to /home/andrisgerber/ros2_ws/install/my_parking_robot/lib/python3.10/site-packages/my_parking_robot-0.0.0-py3.10.egg-info
[1.693s] running install_scripts
[1.720s] writing list of installed files to '/home/andrisgerber/ros2_ws/build/my_parking_robot/install.log'
[1.751s] Invoked command in '/home/andrisgerber/ros2_ws/src/my_parking_robot' returned '0': PS1=\[\e]0;\u@\h: \w\a\]\[\033[01;32m\]\u@\h\[\033[00m\]:\[\033[01;34m\]\w\[\033[33m\]$(parse_git_branch)\[\033[00m\] $ PYTHONPATH=/home/andrisgerber/ros2_ws/build/my_parking_robot/prefix_override:/usr/lib/python3/dist-packages/colcon_core/task/python/colcon_distutils_commands:/home/andrisgerber/ros2_ws/install/my_parking_robot/lib/python3.10/site-packages:${PYTHONPATH} /usr/bin/python3 -W ignore:setup.py install is deprecated -W ignore:easy_install command is deprecated setup.py egg_info --egg-base ../../build/my_parking_robot build --build-base /home/andrisgerber/ros2_ws/build/my_parking_robot/build install --record /home/andrisgerber/ros2_ws/build/my_parking_robot/install.log --single-version-externally-managed install_data
