[0.725s] Invoking command in '/home/andrisgerber/ros2_ws/src/my_parking_robot': PS1=\[\e]0;\u@\h: \w\a\]\[\033[01;32m\]\u@\h\[\033[00m\]:\[\033[01;34m\]\w\[\033[33m\]$(parse_git_branch)\[\033[00m\] $ PYTHONPATH=/home/andrisgerber/ros2_ws/build/my_parking_robot/prefix_override:/usr/lib/python3/dist-packages/colcon_core/task/python/colcon_distutils_commands:/home/andrisgerber/ros2_ws/install/my_parking_robot/lib/python3.10/site-packages:${PYTHONPATH} /usr/bin/python3 -W ignore:setup.py install is deprecated -W ignore:easy_install command is deprecated setup.py egg_info --egg-base ../../build/my_parking_robot build --build-base /home/andrisgerber/ros2_ws/build/my_parking_robot/build install --record /home/andrisgerber/ros2_ws/build/my_parking_robot/install.log --single-version-externally-managed install_data
[1.016s] running egg_info
[1.016s] writing ../../build/my_parking_robot/my_parking_robot.egg-info/PKG-INFO
[1.017s] writing dependency_links to ../../build/my_parking_robot/my_parking_robot.egg-info/dependency_links.txt
[1.017s] writing entry points to ../../build/my_parking_robot/my_parking_robot.egg-info/entry_points.txt
[1.017s] writing requirements to ../../build/my_parking_robot/my_parking_robot.egg-info/requires.txt
[1.017s] writing top-level names to ../../build/my_parking_robot/my_parking_robot.egg-info/top_level.txt
[1.019s] reading manifest file '../../build/my_parking_robot/my_parking_robot.egg-info/SOURCES.txt'
[1.020s] writing manifest file '../../build/my_parking_robot/my_parking_robot.egg-info/SOURCES.txt'
[1.020s] running build
[1.020s] running build_py
[1.021s] copying my_parking_robot/andras_drawer.py -> /home/andrisgerber/ros2_ws/build/my_parking_robot/build/lib/my_parking_robot
[1.021s] running install
[1.021s] running install_lib
[1.022s] copying /home/andrisgerber/ros2_ws/build/my_parking_robot/build/lib/my_parking_robot/andras_drawer.py -> /home/andrisgerber/ros2_ws/install/my_parking_robot/lib/python3.10/site-packages/my_parking_robot
[1.023s] byte-compiling /home/andrisgerber/ros2_ws/install/my_parking_robot/lib/python3.10/site-packages/my_parking_robot/andras_drawer.py to andras_drawer.cpython-310.pyc
[1.024s] running install_data
[1.024s] running install_egg_info
[1.026s] removing '/home/andrisgerber/ros2_ws/install/my_parking_robot/lib/python3.10/site-packages/my_parking_robot-0.0.0-py3.10.egg-info' (and everything under it)
[1.027s] Copying ../../build/my_parking_robot/my_parking_robot.egg-info to /home/andrisgerber/ros2_ws/install/my_parking_robot/lib/python3.10/site-packages/my_parking_robot-0.0.0-py3.10.egg-info
[1.027s] running install_scripts
[1.049s] Installing andras_handwritten script to /home/andrisgerber/ros2_ws/install/my_parking_robot/lib/my_parking_robot
[1.049s] Installing draw_circle script to /home/andrisgerber/ros2_ws/install/my_parking_robot/lib/my_parking_robot
[1.049s] Installing pose_subscriber script to /home/andrisgerber/ros2_ws/install/my_parking_robot/lib/my_parking_robot
[1.050s] Installing test_node script to /home/andrisgerber/ros2_ws/install/my_parking_robot/lib/my_parking_robot
[1.050s] Installing turtle_controller script to /home/andrisgerber/ros2_ws/install/my_parking_robot/lib/my_parking_robot
[1.050s] writing list of installed files to '/home/andrisgerber/ros2_ws/build/my_parking_robot/install.log'
[1.075s] Invoked command in '/home/andrisgerber/ros2_ws/src/my_parking_robot' returned '0': PS1=\[\e]0;\u@\h: \w\a\]\[\033[01;32m\]\u@\h\[\033[00m\]:\[\033[01;34m\]\w\[\033[33m\]$(parse_git_branch)\[\033[00m\] $ PYTHONPATH=/home/andrisgerber/ros2_ws/build/my_parking_robot/prefix_override:/usr/lib/python3/dist-packages/colcon_core/task/python/colcon_distutils_commands:/home/andrisgerber/ros2_ws/install/my_parking_robot/lib/python3.10/site-packages:${PYTHONPATH} /usr/bin/python3 -W ignore:setup.py install is deprecated -W ignore:easy_install command is deprecated setup.py egg_info --egg-base ../../build/my_parking_robot build --build-base /home/andrisgerber/ros2_ws/build/my_parking_robot/build install --record /home/andrisgerber/ros2_ws/build/my_parking_robot/install.log --single-version-externally-managed install_data
