running egg_info
creating ../build/my_parking_robot/gyak9.egg-info
writing ../build/my_parking_robot/gyak9.egg-info/PKG-INFO
writing dependency_links to ../build/my_parking_robot/gyak9.egg-info/dependency_links.txt
writing entry points to ../build/my_parking_robot/gyak9.egg-info/entry_points.txt
writing requirements to ../build/my_parking_robot/gyak9.egg-info/requires.txt
writing top-level names to ../build/my_parking_robot/gyak9.egg-info/top_level.txt
writing manifest file '../build/my_parking_robot/gyak9.egg-info/SOURCES.txt'
reading manifest file '../build/my_parking_robot/gyak9.egg-info/SOURCES.txt'
writing manifest file '../build/my_parking_robot/gyak9.egg-info/SOURCES.txt'
running build
running build_py
creating /home/andrisgerber/ros2_workspace/src/build/my_parking_robot/build
creating /home/andrisgerber/ros2_workspace/src/build/my_parking_robot/build/lib
creating /home/andrisgerber/ros2_workspace/src/build/my_parking_robot/build/lib/my_parking_robot
copying my_parking_robot/__init__.py -> /home/andrisgerber/ros2_workspace/src/build/my_parking_robot/build/lib/my_parking_robot
copying my_parking_robot/my_parking_robot.py -> /home/andrisgerber/ros2_workspace/src/build/my_parking_robot/build/lib/my_parking_robot
running install
running install_lib
creating /home/andrisgerber/ros2_workspace/src/install/my_parking_robot/lib/python3.10/site-packages/my_parking_robot
copying /home/andrisgerber/ros2_workspace/src/build/my_parking_robot/build/lib/my_parking_robot/__init__.py -> /home/andrisgerber/ros2_workspace/src/install/my_parking_robot/lib/python3.10/site-packages/my_parking_robot
copying /home/andrisgerber/ros2_workspace/src/build/my_parking_robot/build/lib/my_parking_robot/my_parking_robot.py -> /home/andrisgerber/ros2_workspace/src/install/my_parking_robot/lib/python3.10/site-packages/my_parking_robot
byte-compiling /home/andrisgerber/ros2_workspace/src/install/my_parking_robot/lib/python3.10/site-packages/my_parking_robot/__init__.py to __init__.cpython-310.pyc
byte-compiling /home/andrisgerber/ros2_workspace/src/install/my_parking_robot/lib/python3.10/site-packages/my_parking_robot/my_parking_robot.py to my_parking_robot.cpython-310.pyc
running install_data
error: can't copy 'resource/gyak9': doesn't exist or not a regular file
