[1.382s] Invoking command in '/home/andrisgerber/ros2_workspace/src/my_parking_robot': PS1=\[\e]0;\u@\h: \w\a\]\[\033[01;32m\]\u@\h\[\033[00m\]:\[\033[01;34m\]\w\[\033[33m\]$(parse_git_branch)\[\033[00m\] $ PYTHONPATH=/home/andrisgerber/ros2_workspace/src/build/my_parking_robot/prefix_override:/usr/lib/python3/dist-packages/colcon_core/task/python/colcon_distutils_commands:/home/andrisgerber/ros2_workspace/src/install/my_parking_robot/lib/python3.10/site-packages:${PYTHONPATH} /usr/bin/python3 -W ignore:setup.py install is deprecated -W ignore:easy_install command is deprecated setup.py egg_info --egg-base ../build/my_parking_robot build --build-base /home/andrisgerber/ros2_workspace/src/build/my_parking_robot/build install --record /home/andrisgerber/ros2_workspace/src/build/my_parking_robot/install.log --single-version-externally-managed install_data
[1.683s] running egg_info
[1.683s] creating ../build/my_parking_robot/gyak9.egg-info
[1.683s] writing ../build/my_parking_robot/gyak9.egg-info/PKG-INFO
[1.684s] writing dependency_links to ../build/my_parking_robot/gyak9.egg-info/dependency_links.txt
[1.684s] writing entry points to ../build/my_parking_robot/gyak9.egg-info/entry_points.txt
[1.684s] writing requirements to ../build/my_parking_robot/gyak9.egg-info/requires.txt
[1.684s] writing top-level names to ../build/my_parking_robot/gyak9.egg-info/top_level.txt
[1.684s] writing manifest file '../build/my_parking_robot/gyak9.egg-info/SOURCES.txt'
[1.686s] reading manifest file '../build/my_parking_robot/gyak9.egg-info/SOURCES.txt'
[1.687s] writing manifest file '../build/my_parking_robot/gyak9.egg-info/SOURCES.txt'
[1.687s] running build
[1.688s] running build_py
[1.688s] creating /home/andrisgerber/ros2_workspace/src/build/my_parking_robot/build
[1.688s] creating /home/andrisgerber/ros2_workspace/src/build/my_parking_robot/build/lib
[1.688s] creating /home/andrisgerber/ros2_workspace/src/build/my_parking_robot/build/lib/my_parking_robot
[1.688s] copying my_parking_robot/__init__.py -> /home/andrisgerber/ros2_workspace/src/build/my_parking_robot/build/lib/my_parking_robot
[1.688s] copying my_parking_robot/my_parking_robot.py -> /home/andrisgerber/ros2_workspace/src/build/my_parking_robot/build/lib/my_parking_robot
[1.738s] running install
[1.739s] running install_lib
[1.740s] creating /home/andrisgerber/ros2_workspace/src/install/my_parking_robot/lib/python3.10/site-packages/my_parking_robot
[1.740s] copying /home/andrisgerber/ros2_workspace/src/build/my_parking_robot/build/lib/my_parking_robot/__init__.py -> /home/andrisgerber/ros2_workspace/src/install/my_parking_robot/lib/python3.10/site-packages/my_parking_robot
[1.740s] copying /home/andrisgerber/ros2_workspace/src/build/my_parking_robot/build/lib/my_parking_robot/my_parking_robot.py -> /home/andrisgerber/ros2_workspace/src/install/my_parking_robot/lib/python3.10/site-packages/my_parking_robot
[1.740s] byte-compiling /home/andrisgerber/ros2_workspace/src/install/my_parking_robot/lib/python3.10/site-packages/my_parking_robot/__init__.py to __init__.cpython-310.pyc
[1.741s] byte-compiling /home/andrisgerber/ros2_workspace/src/install/my_parking_robot/lib/python3.10/site-packages/my_parking_robot/my_parking_robot.py to my_parking_robot.cpython-310.pyc
[1.741s] running install_data
[1.741s] error: can't copy 'resource/gyak9': doesn't exist or not a regular file
[1.759s] Invoked command in '/home/andrisgerber/ros2_workspace/src/my_parking_robot' returned '1': PS1=\[\e]0;\u@\h: \w\a\]\[\033[01;32m\]\u@\h\[\033[00m\]:\[\033[01;34m\]\w\[\033[33m\]$(parse_git_branch)\[\033[00m\] $ PYTHONPATH=/home/andrisgerber/ros2_workspace/src/build/my_parking_robot/prefix_override:/usr/lib/python3/dist-packages/colcon_core/task/python/colcon_distutils_commands:/home/andrisgerber/ros2_workspace/src/install/my_parking_robot/lib/python3.10/site-packages:${PYTHONPATH} /usr/bin/python3 -W ignore:setup.py install is deprecated -W ignore:easy_install command is deprecated setup.py egg_info --egg-base ../build/my_parking_robot build --build-base /home/andrisgerber/ros2_workspace/src/build/my_parking_robot/build install --record /home/andrisgerber/ros2_workspace/src/build/my_parking_robot/install.log --single-version-externally-managed install_data
