[0.902s] Invoking command in '/home/andrisgerber/ros2_workspace/src/my_parking_robot': PS1=\[\e]0;\u@\h: \w\a\]\[\033[01;32m\]\u@\h\[\033[00m\]:\[\033[01;34m\]\w\[\033[33m\]$(parse_git_branch)\[\033[00m\] $ PYTHONPATH=/home/andrisgerber/ros2_workspace/build/my_parking_robot/prefix_override:/usr/lib/python3/dist-packages/colcon_core/task/python/colcon_distutils_commands:/home/andrisgerber/ros2_workspace/install/my_parking_robot/lib/python3.10/site-packages:${PYTHONPATH} /usr/bin/python3 -W ignore:setup.py install is deprecated -W ignore:easy_install command is deprecated setup.py egg_info --egg-base ../../build/my_parking_robot build --build-base /home/andrisgerber/ros2_workspace/build/my_parking_robot/build install --record /home/andrisgerber/ros2_workspace/build/my_parking_robot/install.log --single-version-externally-managed install_data
[1.217s] running egg_info
[1.218s] writing ../../build/my_parking_robot/my_parking_robot.egg-info/PKG-INFO
[1.218s] writing dependency_links to ../../build/my_parking_robot/my_parking_robot.egg-info/dependency_links.txt
[1.219s] writing entry points to ../../build/my_parking_robot/my_parking_robot.egg-info/entry_points.txt
[1.219s] writing requirements to ../../build/my_parking_robot/my_parking_robot.egg-info/requires.txt
[1.219s] writing top-level names to ../../build/my_parking_robot/my_parking_robot.egg-info/top_level.txt
[1.221s] reading manifest file '../../build/my_parking_robot/my_parking_robot.egg-info/SOURCES.txt'
[1.222s] writing manifest file '../../build/my_parking_robot/my_parking_robot.egg-info/SOURCES.txt'
[1.222s] running build
[1.222s] running build_py
[1.223s] copying my_parking_robot/control.py -> /home/andrisgerber/ros2_workspace/build/my_parking_robot/build/lib/my_parking_robot
[1.223s] running install
[1.223s] running install_lib
[1.224s] copying /home/andrisgerber/ros2_workspace/build/my_parking_robot/build/lib/my_parking_robot/control.py -> /home/andrisgerber/ros2_workspace/install/my_parking_robot/lib/python3.10/site-packages/my_parking_robot
[1.225s] byte-compiling /home/andrisgerber/ros2_workspace/install/my_parking_robot/lib/python3.10/site-packages/my_parking_robot/control.py to control.cpython-310.pyc
[1.226s] running install_data
[1.227s] running install_egg_info
[1.229s] removing '/home/andrisgerber/ros2_workspace/install/my_parking_robot/lib/python3.10/site-packages/my_parking_robot-0.0.0-py3.10.egg-info' (and everything under it)
[1.229s] Copying ../../build/my_parking_robot/my_parking_robot.egg-info to /home/andrisgerber/ros2_workspace/install/my_parking_robot/lib/python3.10/site-packages/my_parking_robot-0.0.0-py3.10.egg-info
[1.230s] running install_scripts
[1.254s] Installing PathCreator script to /home/andrisgerber/ros2_workspace/install/my_parking_robot/lib/my_parking_robot
[1.254s] Installing control script to /home/andrisgerber/ros2_workspace/install/my_parking_robot/lib/my_parking_robot
[1.255s] Installing my_parking_robot script to /home/andrisgerber/ros2_workspace/install/my_parking_robot/lib/my_parking_robot
[1.255s] writing list of installed files to '/home/andrisgerber/ros2_workspace/build/my_parking_robot/install.log'
[1.284s] Invoked command in '/home/andrisgerber/ros2_workspace/src/my_parking_robot' returned '0': PS1=\[\e]0;\u@\h: \w\a\]\[\033[01;32m\]\u@\h\[\033[00m\]:\[\033[01;34m\]\w\[\033[33m\]$(parse_git_branch)\[\033[00m\] $ PYTHONPATH=/home/andrisgerber/ros2_workspace/build/my_parking_robot/prefix_override:/usr/lib/python3/dist-packages/colcon_core/task/python/colcon_distutils_commands:/home/andrisgerber/ros2_workspace/install/my_parking_robot/lib/python3.10/site-packages:${PYTHONPATH} /usr/bin/python3 -W ignore:setup.py install is deprecated -W ignore:easy_install command is deprecated setup.py egg_info --egg-base ../../build/my_parking_robot build --build-base /home/andrisgerber/ros2_workspace/build/my_parking_robot/build install --record /home/andrisgerber/ros2_workspace/build/my_parking_robot/install.log --single-version-externally-managed install_data
